-------------------------------------------------------------------------------
Test set: craftinggui.items.MenuItemTests
-------------------------------------------------------------------------------
Tests run: 6, Failures: 0, Errors: 6, Skipped: 0, Time elapsed: 0.433 s <<< FAILURE! - in craftinggui.items.MenuItemTests
testItem(craftinggui.items.MenuItemTests)  Time elapsed: 0.364 s  <<< ERROR!
java.lang.RuntimeException: Failed to instantiate plugin
	at craftinggui.items.MenuItemTests.setUp(MenuItemTests.java:41)
Caused by: java.lang.reflect.InvocationTargetException
	at craftinggui.items.MenuItemTests.setUp(MenuItemTests.java:41)
Caused by: be.seeseemelk.mockbukkit.UnimplementedOperationException: Not implemented
	at craftinggui.items.MenuItemTests.setUp(MenuItemTests.java:41)

testMenuItem(craftinggui.items.MenuItemTests)  Time elapsed: 0.005 s  <<< ERROR!
java.lang.RuntimeException: Failed to instantiate plugin
	at craftinggui.items.MenuItemTests.setUp(MenuItemTests.java:41)
Caused by: java.lang.reflect.InvocationTargetException
	at craftinggui.items.MenuItemTests.setUp(MenuItemTests.java:41)
Caused by: be.seeseemelk.mockbukkit.UnimplementedOperationException: Not implemented
	at craftinggui.items.MenuItemTests.setUp(MenuItemTests.java:41)

testItemEnchantments(craftinggui.items.MenuItemTests)  Time elapsed: 0.007 s  <<< ERROR!
java.lang.RuntimeException: Failed to instantiate plugin
	at craftinggui.items.MenuItemTests.setUp(MenuItemTests.java:41)
Caused by: java.lang.reflect.InvocationTargetException
	at craftinggui.items.MenuItemTests.setUp(MenuItemTests.java:41)
Caused by: be.seeseemelk.mockbukkit.UnimplementedOperationException: Not implemented
	at craftinggui.items.MenuItemTests.setUp(MenuItemTests.java:41)

testItemDisplayName(craftinggui.items.MenuItemTests)  Time elapsed: 0.006 s  <<< ERROR!
java.lang.RuntimeException: Failed to instantiate plugin
	at craftinggui.items.MenuItemTests.setUp(MenuItemTests.java:41)
Caused by: java.lang.reflect.InvocationTargetException
	at craftinggui.items.MenuItemTests.setUp(MenuItemTests.java:41)
Caused by: be.seeseemelk.mockbukkit.UnimplementedOperationException: Not implemented
	at craftinggui.items.MenuItemTests.setUp(MenuItemTests.java:41)

testItemLore(craftinggui.items.MenuItemTests)  Time elapsed: 0.006 s  <<< ERROR!
java.lang.RuntimeException: Failed to instantiate plugin
	at craftinggui.items.MenuItemTests.setUp(MenuItemTests.java:41)
Caused by: java.lang.reflect.InvocationTargetException
	at craftinggui.items.MenuItemTests.setUp(MenuItemTests.java:41)
Caused by: be.seeseemelk.mockbukkit.UnimplementedOperationException: Not implemented
	at craftinggui.items.MenuItemTests.setUp(MenuItemTests.java:41)

testItemMeta(craftinggui.items.MenuItemTests)  Time elapsed: 0.007 s  <<< ERROR!
java.lang.RuntimeException: Failed to instantiate plugin
	at craftinggui.items.MenuItemTests.setUp(MenuItemTests.java:41)
Caused by: java.lang.reflect.InvocationTargetException
	at craftinggui.items.MenuItemTests.setUp(MenuItemTests.java:41)
Caused by: be.seeseemelk.mockbukkit.UnimplementedOperationException: Not implemented
	at craftinggui.items.MenuItemTests.setUp(MenuItemTests.java:41)

