-------------------------------------------------------------------------------
Test set: craftinggui.items.RecipeItemTests
-------------------------------------------------------------------------------
Tests run: 6, Failures: 0, Errors: 6, Skipped: 0, Time elapsed: 0.018 s <<< FAILURE! - in craftinggui.items.RecipeItemTests
testRecipeItem(craftinggui.items.RecipeItemTests)  Time elapsed: 0 s  <<< ERROR!
java.lang.RuntimeException: Failed to instantiate plugin
	at craftinggui.items.RecipeItemTests.setUp(RecipeItemTests.java:39)
Caused by: java.lang.reflect.InvocationTargetException
	at craftinggui.items.RecipeItemTests.setUp(RecipeItemTests.java:39)
Caused by: be.seeseemelk.mockbukkit.UnimplementedOperationException: Not implemented
	at craftinggui.items.RecipeItemTests.setUp(RecipeItemTests.java:39)

testRecipeName(craftinggui.items.RecipeItemTests)  Time elapsed: 0.001 s  <<< ERROR!
java.lang.RuntimeException: Failed to instantiate plugin
	at craftinggui.items.RecipeItemTests.setUp(RecipeItemTests.java:39)
Caused by: java.lang.reflect.InvocationTargetException
	at craftinggui.items.RecipeItemTests.setUp(RecipeItemTests.java:39)
Caused by: be.seeseemelk.mockbukkit.UnimplementedOperationException: Not implemented
	at craftinggui.items.RecipeItemTests.setUp(RecipeItemTests.java:39)

testRecipeID(craftinggui.items.RecipeItemTests)  Time elapsed: 0 s  <<< ERROR!
java.lang.RuntimeException: Failed to instantiate plugin
	at craftinggui.items.RecipeItemTests.setUp(RecipeItemTests.java:39)
Caused by: java.lang.reflect.InvocationTargetException
	at craftinggui.items.RecipeItemTests.setUp(RecipeItemTests.java:39)
Caused by: be.seeseemelk.mockbukkit.UnimplementedOperationException: Not implemented
	at craftinggui.items.RecipeItemTests.setUp(RecipeItemTests.java:39)

testMenuItem(craftinggui.items.RecipeItemTests)  Time elapsed: 0.002 s  <<< ERROR!
java.lang.RuntimeException: Failed to instantiate plugin
	at craftinggui.items.RecipeItemTests.setUp(RecipeItemTests.java:39)
Caused by: java.lang.reflect.InvocationTargetException
	at craftinggui.items.RecipeItemTests.setUp(RecipeItemTests.java:39)
Caused by: be.seeseemelk.mockbukkit.UnimplementedOperationException: Not implemented
	at craftinggui.items.RecipeItemTests.setUp(RecipeItemTests.java:39)

testRecipeIngredients(craftinggui.items.RecipeItemTests)  Time elapsed: 0.006 s  <<< ERROR!
java.lang.RuntimeException: Failed to instantiate plugin
	at craftinggui.items.RecipeItemTests.setUp(RecipeItemTests.java:39)
Caused by: java.lang.reflect.InvocationTargetException
	at craftinggui.items.RecipeItemTests.setUp(RecipeItemTests.java:39)
Caused by: be.seeseemelk.mockbukkit.UnimplementedOperationException: Not implemented
	at craftinggui.items.RecipeItemTests.setUp(RecipeItemTests.java:39)

testRecipe(craftinggui.items.RecipeItemTests)  Time elapsed: 0.006 s  <<< ERROR!
java.lang.RuntimeException: Failed to instantiate plugin
	at craftinggui.items.RecipeItemTests.setUp(RecipeItemTests.java:39)
Caused by: java.lang.reflect.InvocationTargetException
	at craftinggui.items.RecipeItemTests.setUp(RecipeItemTests.java:39)
Caused by: be.seeseemelk.mockbukkit.UnimplementedOperationException: Not implemented
	at craftinggui.items.RecipeItemTests.setUp(RecipeItemTests.java:39)

