<?xml version="1.0" encoding="UTF-8"?>
<testsuite xmlns:xsi="http://www.w3.org/2001/XMLSchema-instance" xsi:noNamespaceSchemaLocation="https://maven.apache.org/surefire/maven-surefire-plugin/xsd/surefire-test-report.xsd" name="craftinggui.recipe.RecipeManagerTests" time="0.001" tests="1" errors="1" skipped="0" failures="0">
  <properties>
[...]
</properties>
  <testcase name="testLoadingRecipes" classname="craftinggui.recipe.RecipeManagerTests" time="0.001">
    <error message="Failed to instantiate plugin" type="java.lang.RuntimeException">java.lang.RuntimeException: Failed to instantiate plugin
	at craftinggui.recipe.RecipeManagerTests.setUp(RecipeManagerTests.java:27)
Caused by: java.lang.reflect.InvocationTargetException
	at craftinggui.recipe.RecipeManagerTests.setUp(RecipeManagerTests.java:27)
Caused by: be.seeseemelk.mockbukkit.UnimplementedOperationException: Not implemented
	at craftinggui.recipe.RecipeManagerTests.setUp(RecipeManagerTests.java:27)
</error>
  </testcase>
</testsuite>